<?xml version="1.0" encoding="UTF-8"?>
<testng-results ignored="0" total="3" passed="3" failed="0" skipped="0">
  <reporter-output>
  </reporter-output>
  <suite started-at="2024-06-20T16:15:17 IST" name="CrossBrowserTesting" finished-at="2024-06-20T16:17:10 IST" duration-ms="112893">
    <groups>
    </groups>
    <test started-at="2024-06-20T16:15:17 IST" name="Testing on Chrome" finished-at="2024-06-20T16:15:51 IST" duration-ms="34075">
      <class name="parallel_Testing.CrossBrowsertesting">
        <test-method signature="testcase1(java.lang.String)[pri:0, instance:parallel_Testing.CrossBrowsertesting@a2431d0]" started-at="2024-06-20T16:15:17 IST" name="testcase1" finished-at="2024-06-20T16:15:51 IST" duration-ms="33917" status="PASS">
          <params>
            <param index="0">
              <value>
                <![CDATA[chrome]]>
              </value>
            </param>
          </params>
          <reporter-output>
          </reporter-output>
        </test-method> <!-- testcase1 -->
      </class> <!-- parallel_Testing.CrossBrowsertesting -->
    </test> <!-- Testing on Chrome -->
    <test started-at="2024-06-20T16:15:51 IST" name="Testing on Edge" finished-at="2024-06-20T16:16:17 IST" duration-ms="26024">
      <class name="parallel_Testing.CrossBrowsertesting">
        <test-method signature="testcase1(java.lang.String)[pri:0, instance:parallel_Testing.CrossBrowsertesting@1a18644]" started-at="2024-06-20T16:15:51 IST" name="testcase1" finished-at="2024-06-20T16:16:17 IST" duration-ms="26001" status="PASS">
          <params>
            <param index="0">
              <value>
                <![CDATA[edge]]>
              </value>
            </param>
          </params>
          <reporter-output>
          </reporter-output>
        </test-method> <!-- testcase1 -->
      </class> <!-- parallel_Testing.CrossBrowsertesting -->
    </test> <!-- Testing on Edge -->
    <test started-at="2024-06-20T16:16:17 IST" name="Testing on firefox" finished-at="2024-06-20T16:17:10 IST" duration-ms="52582">
      <class name="parallel_Testing.CrossBrowsertesting">
        <test-method signature="testcase1(java.lang.String)[pri:0, instance:parallel_Testing.CrossBrowsertesting@4738a206]" started-at="2024-06-20T16:16:17 IST" name="testcase1" finished-at="2024-06-20T16:17:10 IST" duration-ms="52566" status="PASS">
          <params>
            <param index="0">
              <value>
                <![CDATA[firefox]]>
              </value>
            </param>
          </params>
          <reporter-output>
          </reporter-output>
        </test-method> <!-- testcase1 -->
      </class> <!-- parallel_Testing.CrossBrowsertesting -->
    </test> <!-- Testing on firefox -->
  </suite> <!-- CrossBrowserTesting -->
</testng-results>
