<?xml version="1.0" encoding="UTF-8"?>
<!-- Generated by org.testng.reporters.JUnitXMLReporter -->
<testsuite ignored="0" hostname="VEER" failures="0" tests="10" name="Test on Edge" time="641.375" errors="0" timestamp="2024-06-23T13:48:33 IST">
  <testcase classname="amazon10ScenariosParallelTesting.Mouse" name="searchmouse" time="23.849"/>
  <testcase classname="amazon10ScenariosParallelTesting.Books" name="book" time="32.528"/>
  <testcase classname="amazon10ScenariosParallelTesting.Shoe" name="searchshoe" time="37.787"/>
  <testcase classname="amazon10ScenariosParallelTesting.MoblieCover" name="searchmobileCover" time="16.914"/>
  <testcase classname="amazon10ScenariosParallelTesting.DealsofTheDay" name="deal" time="53.844"/>
  <testcase classname="amazon10ScenariosParallelTesting.Mango" name="mango" time="10.736"/>
  <testcase classname="amazon10ScenariosParallelTesting.Camera35" name="camera" time="18.6"/>
  <testcase classname="amazon10ScenariosParallelTesting.Search_Shoe" name="home" time="26.332"/>
  <testcase classname="amazon10ScenariosParallelTesting.Redmi" name="redmicheck" time="25.942"/>
  <testcase classname="amazon10ScenariosParallelTesting.Mobile" name="searchmobile" time="8.965"/>
</testsuite> <!-- Test on Edge -->
