<?xml version="1.0" encoding="UTF-8"?>
<!-- Generated by org.testng.reporters.JUnitXMLReporter -->
<testsuite ignored="0" hostname="VEER" failures="0" tests="10" name="Test on Chrome" time="584.612" errors="0" timestamp="2024-06-23T13:47:37 IST">
  <testcase classname="amazon10ScenariosParallelTesting.Mouse" name="searchmouse" time="17.794"/>
  <testcase classname="amazon10ScenariosParallelTesting.Books" name="book" time="21.609"/>
  <testcase classname="amazon10ScenariosParallelTesting.Shoe" name="searchshoe" time="16.068"/>
  <testcase classname="amazon10ScenariosParallelTesting.MoblieCover" name="searchmobileCover" time="34.149"/>
  <testcase classname="amazon10ScenariosParallelTesting.DealsofTheDay" name="deal" time="31.856"/>
  <testcase classname="amazon10ScenariosParallelTesting.Mango" name="mango" time="12.626"/>
  <testcase classname="amazon10ScenariosParallelTesting.Camera35" name="camera" time="17.924"/>
  <testcase classname="amazon10ScenariosParallelTesting.Search_Shoe" name="home" time="24.884"/>
  <testcase classname="amazon10ScenariosParallelTesting.Redmi" name="redmicheck" time="35.875"/>
  <testcase classname="amazon10ScenariosParallelTesting.Mobile" name="searchmobile" time="15.72"/>
</testsuite> <!-- Test on Chrome -->
