<?xml version="1.0" encoding="UTF-8"?>
<testng-results ignored="0" total="1" passed="1" failed="0" skipped="0">
  <reporter-output>
  </reporter-output>
  <suite started-at="2024-07-03T23:10:25 IST" name="Default suite" finished-at="2024-07-03T23:10:40 IST" duration-ms="14839">
    <groups>
    </groups>
    <test started-at="2024-07-03T23:10:25 IST" name="Default test" finished-at="2024-07-03T23:10:40 IST" duration-ms="14839">
      <class name="selenium_Project1.Testcase1">
        <test-method signature="login_to_facebook()[pri:0, instance:selenium_Project1.Testcase1@71238fc2]" started-at="2024-07-03T23:10:25 IST" name="login_to_facebook" finished-at="2024-07-03T23:10:40 IST" duration-ms="14712" status="PASS">
          <reporter-output>
          </reporter-output>
        </test-method> <!-- login_to_facebook -->
      </class> <!-- selenium_Project1.Testcase1 -->
    </test> <!-- Default test -->
  </suite> <!-- Default suite -->
</testng-results>
