<?xml version="1.0" encoding="UTF-8"?>
<!-- Generated by org.testng.reporters.JUnitXMLReporter -->
<testsuite ignored="0" hostname="VEER" failures="0" tests="5" name="Default test" time="77.252" errors="0" timestamp="2024-06-23T11:22:18 IST">
  <testcase classname="dataProvider.DP_Facebook_regi" name="registration" time="18.146"/>
  <testcase classname="dataProvider.DP_Facebook_regi" name="registration" time="14.263"/>
  <testcase classname="dataProvider.DP_Facebook_regi" name="registration" time="13.617"/>
  <testcase classname="dataProvider.DP_Facebook_regi" name="registration" time="16.625"/>
  <testcase classname="dataProvider.DP_Facebook_regi" name="registration" time="14.466"/>
</testsuite> <!-- Default test -->
